{"$message_type":"diagnostic","message":"non-item in item list","code":null,"level":"error","spans":[{"file_name":"src/crypto.rs","byte_start":742,"byte_end":743,"line_start":31,"line_end":31,"column_start":20,"column_end":21,"is_primary":false,"text":[{"text":"impl CryptoManager {.","highlight_start":20,"highlight_end":21}],"label":"item list starts here","suggested_replacement":null,"suggestion_applicability":null,"expansion":null},{"file_name":"src/crypto.rs","byte_start":743,"byte_end":744,"line_start":31,"line_end":31,"column_start":21,"column_end":22,"is_primary":true,"text":[{"text":"impl CryptoManager {.","highlight_start":21,"highlight_end":22}],"label":"non-item starts here","suggested_replacement":null,"suggestion_applicability":null,"expansion":null},{"file_name":"src/crypto.rs","byte_start":2073,"byte_end":2074,"line_start":67,"line_end":67,"column_start":1,"column_end":2,"is_primary":false,"text":[{"text":"}","highlight_start":1,"highlight_end":2}],"label":"item list ends here","suggested_replacement":null,"suggestion_applicability":null,"expansion":null}],"children":[],"rendered":"\u001b[1m\u001b[91merror\u001b[0m\u001b[1m: non-item in item list\u001b[0m\n  \u001b[1m\u001b[94m--> \u001b[0msrc/crypto.rs:31:21\n   \u001b[1m\u001b[94m|\u001b[0m\n\u001b[1m\u001b[94m31\u001b[0m \u001b[1m\u001b[94m|\u001b[0m impl CryptoManager {.\n   \u001b[1m\u001b[94m|\u001b[0m                    \u001b[1m\u001b[94m-\u001b[0m\u001b[1m\u001b[91m^\u001b[0m \u001b[1m\u001b[91mnon-item starts here\u001b[0m\n   \u001b[1m\u001b[94m|\u001b[0m                    \u001b[1m\u001b[94m|\u001b[0m\n   \u001b[1m\u001b[94m|\u001b[0m                    \u001b[1m\u001b[94mitem list starts here\u001b[0m\n\u001b[1m\u001b[94m...\u001b[0m\n\u001b[1m\u001b[94m67\u001b[0m \u001b[1m\u001b[94m|\u001b[0m }\n   \u001b[1m\u001b[94m|\u001b[0m \u001b[1m\u001b[94m-\u001b[0m \u001b[1m\u001b[94mitem list ends here\u001b[0m\n\n"}
{"$message_type":"diagnostic","message":"unresolved import `sha2`","code":{"code":"E0432","explanation":"An import was unresolved.\n\nErroneous code example:\n\n```compile_fail,E0432\nuse something::Foo; // error: unresolved import `something::Foo`.\n```\n\nIn Rust 2015, paths in `use` statements are relative to the crate root. To\nimport items relative to the current and parent modules, use the `self::` and\n`super::` prefixes, respectively.\n\nIn Rust 2018 or later, paths in `use` statements are relative to the current\nmodule unless they begin with the name of a crate or a literal `crate::`, in\nwhich case they start from the crate root. As in Rust 2015 code, the `self::`\nand `super::` prefixes refer to the current and parent modules respectively.\n\nAlso verify that you didn't misspell the import name and that the import exists\nin the module from where you tried to import it. Example:\n\n```\nuse self::something::Foo; // Ok.\n\nmod something {\n    pub struct Foo;\n}\n# fn main() {}\n```\n\nIf you tried to use a module from an external crate and are using Rust 2015,\nyou may have missed the `extern crate` declaration (which is usually placed in\nthe crate root):\n\n```edition2015\nextern crate core; // Required to use the `core` crate in Rust 2015.\n\nuse core::any;\n# fn main() {}\n```\n\nSince Rust 2018 the `extern crate` declaration is not required and\nyou can instead just `use` it:\n\n```edition2018\nuse core::any; // No extern crate required in Rust 2018.\n# fn main() {}\n```\n"},"level":"error","spans":[{"file_name":"src/crypto.rs","byte_start":78,"byte_end":82,"line_start":3,"line_end":3,"column_start":5,"column_end":9,"is_primary":true,"text":[{"text":"use sha2::{Sha256, Digest};","highlight_start":5,"highlight_end":9}],"label":"use of unresolved module or unlinked crate `sha2`","suggested_replacement":null,"suggestion_applicability":null,"expansion":null}],"children":[{"message":"if you wanted to use a crate named `sha2`, use `cargo add sha2` to add it to your `Cargo.toml`","code":null,"level":"help","spans":[],"children":[],"rendered":null}],"rendered":"\u001b[1m\u001b[91merror[E0432]\u001b[0m\u001b[1m: unresolved import `sha2`\u001b[0m\n \u001b[1m\u001b[94m--> \u001b[0msrc/crypto.rs:3:5\n  \u001b[1m\u001b[94m|\u001b[0m\n\u001b[1m\u001b[94m3\u001b[0m \u001b[1m\u001b[94m|\u001b[0m use sha2::{Sha256, Digest};\n  \u001b[1m\u001b[94m|\u001b[0m     \u001b[1m\u001b[91m^^^^\u001b[0m \u001b[1m\u001b[91muse of unresolved module or unlinked crate `sha2`\u001b[0m\n  \u001b[1m\u001b[94m|\u001b[0m\n  \u001b[1m\u001b[94m= \u001b[0m\u001b[1mhelp\u001b[0m: if you wanted to use a crate named `sha2`, use `cargo add sha2` to add it to your `Cargo.toml`\n\n"}
{"$message_type":"diagnostic","message":"unused imports: `Key` and `Nonce`","code":{"code":"unused_imports","explanation":null},"level":"warning","spans":[{"file_name":"src/crypto.rs","byte_start":25,"byte_end":28,"line_start":1,"line_end":1,"column_start":26,"column_end":29,"is_primary":true,"text":[{"text":"use aes_gcm::{Aes256Gcm, Key, Nonce};","highlight_start":26,"highlight_end":29}],"label":null,"suggested_replacement":null,"suggestion_applicability":null,"expansion":null},{"file_name":"src/crypto.rs","byte_start":30,"byte_end":35,"line_start":1,"line_end":1,"column_start":31,"column_end":36,"is_primary":true,"text":[{"text":"use aes_gcm::{Aes256Gcm, Key, Nonce};","highlight_start":31,"highlight_end":36}],"label":null,"suggested_replacement":null,"suggestion_applicability":null,"expansion":null}],"children":[{"message":"`#[warn(unused_imports)]` (part of `#[warn(unused)]`) on by default","code":null,"level":"note","spans":[],"children":[],"rendered":null},{"message":"remove the unused imports","code":null,"level":"help","spans":[{"file_name":"src/crypto.rs","byte_start":23,"byte_end":35,"line_start":1,"line_end":1,"column_start":24,"column_end":36,"is_primary":true,"text":[{"text":"use aes_gcm::{Aes256Gcm, Key, Nonce};","highlight_start":24,"highlight_end":36}],"label":null,"suggested_replacement":"","suggestion_applicability":"MachineApplicable","expansion":null},{"file_name":"src/crypto.rs","byte_start":13,"byte_end":14,"line_start":1,"line_end":1,"column_start":14,"column_end":15,"is_primary":true,"text":[{"text":"use aes_gcm::{Aes256Gcm, Key, Nonce};","highlight_start":14,"highlight_end":15}],"label":null,"suggested_replacement":"","suggestion_applicability":"MachineApplicable","expansion":null},{"file_name":"src/crypto.rs","byte_start":35,"byte_end":36,"line_start":1,"line_end":1,"column_start":36,"column_end":37,"is_primary":true,"text":[{"text":"use aes_gcm::{Aes256Gcm, Key, Nonce};","highlight_start":36,"highlight_end":37}],"label":null,"suggested_replacement":"","suggestion_applicability":"MachineApplicable","expansion":null}],"children":[],"rendered":null}],"rendered":"\u001b[1m\u001b[33mwarning\u001b[0m\u001b[1m: unused imports: `Key` and `Nonce`\u001b[0m\n \u001b[1m\u001b[94m--> \u001b[0msrc/crypto.rs:1:26\n  \u001b[1m\u001b[94m|\u001b[0m\n\u001b[1m\u001b[94m1\u001b[0m \u001b[1m\u001b[94m|\u001b[0m use aes_gcm::{Aes256Gcm, Key, Nonce};\n  \u001b[1m\u001b[94m|\u001b[0m                          \u001b[1m\u001b[33m^^^\u001b[0m  \u001b[1m\u001b[33m^^^^^\u001b[0m\n  \u001b[1m\u001b[94m|\u001b[0m\n  \u001b[1m\u001b[94m= \u001b[0m\u001b[1mnote\u001b[0m: `#[warn(unused_imports)]` (part of `#[warn(unused)]`) on by default\n\n"}
{"$message_type":"diagnostic","message":"unused imports: `Aead` and `KeyInit`","code":{"code":"unused_imports","explanation":null},"level":"warning","spans":[{"file_name":"src/crypto.rs","byte_start":58,"byte_end":62,"line_start":2,"line_end":2,"column_start":21,"column_end":25,"is_primary":true,"text":[{"text":"use aes_gcm::aead::{Aead, KeyInit};","highlight_start":21,"highlight_end":25}],"label":null,"suggested_replacement":null,"suggestion_applicability":null,"expansion":null},{"file_name":"src/crypto.rs","byte_start":64,"byte_end":71,"line_start":2,"line_end":2,"column_start":27,"column_end":34,"is_primary":true,"text":[{"text":"use aes_gcm::aead::{Aead, KeyInit};","highlight_start":27,"highlight_end":34}],"label":null,"suggested_replacement":null,"suggestion_applicability":null,"expansion":null}],"children":[{"message":"remove the whole `use` item","code":null,"level":"help","spans":[{"file_name":"src/crypto.rs","byte_start":38,"byte_end":74,"line_start":2,"line_end":3,"column_start":1,"column_end":1,"is_primary":true,"text":[{"text":"use aes_gcm::aead::{Aead, KeyInit};","highlight_start":1,"highlight_end":36},{"text":"use sha2::{Sha256, Digest};","highlight_start":1,"highlight_end":1}],"label":null,"suggested_replacement":"","suggestion_applicability":"MachineApplicable","expansion":null}],"children":[],"rendered":null}],"rendered":"\u001b[1m\u001b[33mwarning\u001b[0m\u001b[1m: unused imports: `Aead` and `KeyInit`\u001b[0m\n \u001b[1m\u001b[94m--> \u001b[0msrc/crypto.rs:2:21\n  \u001b[1m\u001b[94m|\u001b[0m\n\u001b[1m\u001b[94m2\u001b[0m \u001b[1m\u001b[94m|\u001b[0m use aes_gcm::aead::{Aead, KeyInit};\n  \u001b[1m\u001b[94m|\u001b[0m                     \u001b[1m\u001b[33m^^^^\u001b[0m  \u001b[1m\u001b[33m^^^^^^^\u001b[0m\n\n"}
{"$message_type":"diagnostic","message":"unused import: `rand::rngs::OsRng`","code":{"code":"unused_imports","explanation":null},"level":"warning","spans":[{"file_name":"src/crypto.rs","byte_start":106,"byte_end":123,"line_start":4,"line_end":4,"column_start":5,"column_end":22,"is_primary":true,"text":[{"text":"use rand::rngs::OsRng;","highlight_start":5,"highlight_end":22}],"label":null,"suggested_replacement":null,"suggestion_applicability":null,"expansion":null}],"children":[{"message":"remove the whole `use` item","code":null,"level":"help","spans":[{"file_name":"src/crypto.rs","byte_start":102,"byte_end":125,"line_start":4,"line_end":5,"column_start":1,"column_end":1,"is_primary":true,"text":[{"text":"use rand::rngs::OsRng;","highlight_start":1,"highlight_end":23},{"text":"use rand::RngCore;","highlight_start":1,"highlight_end":1}],"label":null,"suggested_replacement":"","suggestion_applicability":"MachineApplicable","expansion":null}],"children":[],"rendered":null}],"rendered":"\u001b[1m\u001b[33mwarning\u001b[0m\u001b[1m: unused import: `rand::rngs::OsRng`\u001b[0m\n \u001b[1m\u001b[94m--> \u001b[0msrc/crypto.rs:4:5\n  \u001b[1m\u001b[94m|\u001b[0m\n\u001b[1m\u001b[94m4\u001b[0m \u001b[1m\u001b[94m|\u001b[0m use rand::rngs::OsRng;\n  \u001b[1m\u001b[94m|\u001b[0m     \u001b[1m\u001b[33m^^^^^^^^^^^^^^^^^\u001b[0m\n\n"}
{"$message_type":"diagnostic","message":"unused import: `rand::RngCore`","code":{"code":"unused_imports","explanation":null},"level":"warning","spans":[{"file_name":"src/crypto.rs","byte_start":129,"byte_end":142,"line_start":5,"line_end":5,"column_start":5,"column_end":18,"is_primary":true,"text":[{"text":"use rand::RngCore;","highlight_start":5,"highlight_end":18}],"label":null,"suggested_replacement":null,"suggestion_applicability":null,"expansion":null}],"children":[{"message":"remove the whole `use` item","code":null,"level":"help","spans":[{"file_name":"src/crypto.rs","byte_start":125,"byte_end":144,"line_start":5,"line_end":6,"column_start":1,"column_end":1,"is_primary":true,"text":[{"text":"use rand::RngCore;","highlight_start":1,"highlight_end":19},{"text":"use std::fmt;","highlight_start":1,"highlight_end":1}],"label":null,"suggested_replacement":"","suggestion_applicability":"MachineApplicable","expansion":null}],"children":[],"rendered":null}],"rendered":"\u001b[1m\u001b[33mwarning\u001b[0m\u001b[1m: unused import: `rand::RngCore`\u001b[0m\n \u001b[1m\u001b[94m--> \u001b[0msrc/crypto.rs:5:5\n  \u001b[1m\u001b[94m|\u001b[0m\n\u001b[1m\u001b[94m5\u001b[0m \u001b[1m\u001b[94m|\u001b[0m use rand::RngCore;\n  \u001b[1m\u001b[94m|\u001b[0m     \u001b[1m\u001b[33m^^^^^^^^^^^^^\u001b[0m\n\n"}
{"$message_type":"diagnostic","message":"unused import: `PasswordStore`","code":{"code":"unused_imports","explanation":null},"level":"warning","spans":[{"file_name":"src/main.rs","byte_start":225,"byte_end":238,"line_start":11,"line_end":11,"column_start":21,"column_end":34,"is_primary":true,"text":[{"text":"use crate::models::{PasswordStore, PasswordEntry};","highlight_start":21,"highlight_end":34}],"label":null,"suggested_replacement":null,"suggestion_applicability":null,"expansion":null}],"children":[{"message":"remove the unused import","code":null,"level":"help","spans":[{"file_name":"src/main.rs","byte_start":225,"byte_end":240,"line_start":11,"line_end":11,"column_start":21,"column_end":36,"is_primary":true,"text":[{"text":"use crate::models::{PasswordStore, PasswordEntry};","highlight_start":21,"highlight_end":36}],"label":null,"suggested_replacement":"","suggestion_applicability":"MachineApplicable","expansion":null},{"file_name":"src/main.rs","byte_start":224,"byte_end":225,"line_start":11,"line_end":11,"column_start":20,"column_end":21,"is_primary":true,"text":[{"text":"use crate::models::{PasswordStore, PasswordEntry};","highlight_start":20,"highlight_end":21}],"label":null,"suggested_replacement":"","suggestion_applicability":"MachineApplicable","expansion":null},{"file_name":"src/main.rs","byte_start":253,"byte_end":254,"line_start":11,"line_end":11,"column_start":49,"column_end":50,"is_primary":true,"text":[{"text":"use crate::models::{PasswordStore, PasswordEntry};","highlight_start":49,"highlight_end":50}],"label":null,"suggested_replacement":"","suggestion_applicability":"MachineApplicable","expansion":null}],"children":[],"rendered":null}],"rendered":"\u001b[1m\u001b[33mwarning\u001b[0m\u001b[1m: unused import: `PasswordStore`\u001b[0m\n  \u001b[1m\u001b[94m--> \u001b[0msrc/main.rs:11:21\n   \u001b[1m\u001b[94m|\u001b[0m\n\u001b[1m\u001b[94m11\u001b[0m \u001b[1m\u001b[94m|\u001b[0m use crate::models::{PasswordStore, PasswordEntry};\n   \u001b[1m\u001b[94m|\u001b[0m                     \u001b[1m\u001b[33m^^^^^^^^^^^^^\u001b[0m\n\n"}
{"$message_type":"diagnostic","message":"no function or associated item named `new` found for struct `CryptoManager` in the current scope","code":{"code":"E0599","explanation":"This error occurs when a method is used on a type which doesn't implement it:\n\nErroneous code example:\n\n```compile_fail,E0599\nstruct Mouth;\n\nlet x = Mouth;\nx.chocolate(); // error: no method named `chocolate` found for type `Mouth`\n               //        in the current scope\n```\n\nIn this case, you need to implement the `chocolate` method to fix the error:\n\n```\nstruct Mouth;\n\nimpl Mouth {\n    fn chocolate(&self) { // We implement the `chocolate` method here.\n        println!(\"Hmmm! I love chocolate!\");\n    }\n}\n\nlet x = Mouth;\nx.chocolate(); // ok!\n```\n"},"level":"error","spans":[{"file_name":"src/storage.rs","byte_start":935,"byte_end":938,"line_start":34,"line_end":34,"column_start":37,"column_end":40,"is_primary":true,"text":[{"text":"        let crypto = CryptoManager::new(master_password);","highlight_start":37,"highlight_end":40}],"label":"function or associated item not found in `CryptoManager`","suggested_replacement":null,"suggestion_applicability":null,"expansion":null},{"file_name":"src/crypto.rs","byte_start":159,"byte_end":183,"line_start":8,"line_end":8,"column_start":1,"column_end":25,"is_primary":false,"text":[{"text":"pub struct CryptoManager {","highlight_start":1,"highlight_end":25}],"label":"function or associated item `new` not found for this struct","suggested_replacement":null,"suggestion_applicability":null,"expansion":null}],"children":[{"message":"items from traits can only be used if the trait is implemented and in scope","code":null,"level":"help","spans":[],"children":[],"rendered":null},{"message":"the following traits define an item `new`, perhaps you need to implement one of them:\ncandidate #1: `Bit`\ncandidate #2: `KeyInit`\ncandidate #3: `KeyIvInit`\ncandidate #4: `UniformSampler`","code":null,"level":"note","spans":[],"children":[],"rendered":null}],"rendered":"\u001b[1m\u001b[91merror[E0599]\u001b[0m\u001b[1m: no function or associated item named `new` found for struct `CryptoManager` in the current scope\u001b[0m\n  \u001b[1m\u001b[94m--> \u001b[0msrc/storage.rs:34:37\n   \u001b[1m\u001b[94m|\u001b[0m\n\u001b[1m\u001b[94m34\u001b[0m \u001b[1m\u001b[94m|\u001b[0m         let crypto = CryptoManager::new(master_password);\n   \u001b[1m\u001b[94m|\u001b[0m                                     \u001b[1m\u001b[91m^^^\u001b[0m \u001b[1m\u001b[91mfunction or associated item not found in `CryptoManager`\u001b[0m\n   \u001b[1m\u001b[94m|\u001b[0m\n  \u001b[1m\u001b[94m::: \u001b[0msrc/crypto.rs:8:1\n   \u001b[1m\u001b[94m|\u001b[0m\n \u001b[1m\u001b[94m8\u001b[0m \u001b[1m\u001b[94m|\u001b[0m pub struct CryptoManager {\n   \u001b[1m\u001b[94m|\u001b[0m \u001b[1m\u001b[94m------------------------\u001b[0m \u001b[1m\u001b[94mfunction or associated item `new` not found for this struct\u001b[0m\n   \u001b[1m\u001b[94m|\u001b[0m\n   \u001b[1m\u001b[94m= \u001b[0m\u001b[1mhelp\u001b[0m: items from traits can only be used if the trait is implemented and in scope\n   \u001b[1m\u001b[94m= \u001b[0m\u001b[1mnote\u001b[0m: the following traits define an item `new`, perhaps you need to implement one of them:\n           candidate #1: `Bit`\n           candidate #2: `KeyInit`\n           candidate #3: `KeyIvInit`\n           candidate #4: `UniformSampler`\n\n"}
{"$message_type":"diagnostic","message":"no function or associated item named `new` found for struct `PasswordStore` in the current scope","code":{"code":"E0599","explanation":"This error occurs when a method is used on a type which doesn't implement it:\n\nErroneous code example:\n\n```compile_fail,E0599\nstruct Mouth;\n\nlet x = Mouth;\nx.chocolate(); // error: no method named `chocolate` found for type `Mouth`\n               //        in the current scope\n```\n\nIn this case, you need to implement the `chocolate` method to fix the error:\n\n```\nstruct Mouth;\n\nimpl Mouth {\n    fn chocolate(&self) { // We implement the `chocolate` method here.\n        println!(\"Hmmm! I love chocolate!\");\n    }\n}\n\nlet x = Mouth;\nx.chocolate(); // ok!\n```\n"},"level":"error","spans":[{"file_name":"src/storage.rs","byte_start":1191,"byte_end":1194,"line_start":41,"line_end":41,"column_start":38,"column_end":41,"is_primary":true,"text":[{"text":"            return Ok(PasswordStore::new());","highlight_start":38,"highlight_end":41}],"label":"function or associated item not found in `PasswordStore`","suggested_replacement":null,"suggestion_applicability":null,"expansion":null},{"file_name":"src/models.rs","byte_start":227,"byte_end":251,"line_start":11,"line_end":11,"column_start":1,"column_end":25,"is_primary":false,"text":[{"text":"pub struct PasswordStore {","highlight_start":1,"highlight_end":25}],"label":"function or associated item `new` not found for this struct","suggested_replacement":null,"suggestion_applicability":null,"expansion":null}],"children":[{"message":"items from traits can only be used if the trait is implemented and in scope","code":null,"level":"help","spans":[],"children":[],"rendered":null},{"message":"the following traits define an item `new`, perhaps you need to implement one of them:\ncandidate #1: `Bit`\ncandidate #2: `KeyInit`\ncandidate #3: `KeyIvInit`\ncandidate #4: `UniformSampler`","code":null,"level":"note","spans":[],"children":[],"rendered":null}],"rendered":"\u001b[1m\u001b[91merror[E0599]\u001b[0m\u001b[1m: no function or associated item named `new` found for struct `PasswordStore` in the current scope\u001b[0m\n  \u001b[1m\u001b[94m--> \u001b[0msrc/storage.rs:41:38\n   \u001b[1m\u001b[94m|\u001b[0m\n\u001b[1m\u001b[94m41\u001b[0m \u001b[1m\u001b[94m|\u001b[0m             return Ok(PasswordStore::new());\n   \u001b[1m\u001b[94m|\u001b[0m                                      \u001b[1m\u001b[91m^^^\u001b[0m \u001b[1m\u001b[91mfunction or associated item not found in `PasswordStore`\u001b[0m\n   \u001b[1m\u001b[94m|\u001b[0m\n  \u001b[1m\u001b[94m::: \u001b[0msrc/models.rs:11:1\n   \u001b[1m\u001b[94m|\u001b[0m\n\u001b[1m\u001b[94m11\u001b[0m \u001b[1m\u001b[94m|\u001b[0m pub struct PasswordStore {\n   \u001b[1m\u001b[94m|\u001b[0m \u001b[1m\u001b[94m------------------------\u001b[0m \u001b[1m\u001b[94mfunction or associated item `new` not found for this struct\u001b[0m\n   \u001b[1m\u001b[94m|\u001b[0m\n   \u001b[1m\u001b[94m= \u001b[0m\u001b[1mhelp\u001b[0m: items from traits can only be used if the trait is implemented and in scope\n   \u001b[1m\u001b[94m= \u001b[0m\u001b[1mnote\u001b[0m: the following traits define an item `new`, perhaps you need to implement one of them:\n           candidate #1: `Bit`\n           candidate #2: `KeyInit`\n           candidate #3: `KeyIvInit`\n           candidate #4: `UniformSampler`\n\n"}
{"$message_type":"diagnostic","message":"no method named `decrypt` found for struct `CryptoManager` in the current scope","code":{"code":"E0599","explanation":"This error occurs when a method is used on a type which doesn't implement it:\n\nErroneous code example:\n\n```compile_fail,E0599\nstruct Mouth;\n\nlet x = Mouth;\nx.chocolate(); // error: no method named `chocolate` found for type `Mouth`\n               //        in the current scope\n```\n\nIn this case, you need to implement the `chocolate` method to fix the error:\n\n```\nstruct Mouth;\n\nimpl Mouth {\n    fn chocolate(&self) { // We implement the `chocolate` method here.\n        println!(\"Hmmm! I love chocolate!\");\n    }\n}\n\nlet x = Mouth;\nx.chocolate(); // ok!\n```\n"},"level":"error","spans":[{"file_name":"src/storage.rs","byte_start":1353,"byte_end":1360,"line_start":47,"line_end":47,"column_start":42,"column_end":49,"is_primary":true,"text":[{"text":"        let decrypted_json = self.crypto.decrypt(encrypted_data)","highlight_start":42,"highlight_end":49}],"label":"method not found in `CryptoManager`","suggested_replacement":null,"suggestion_applicability":null,"expansion":null},{"file_name":"src/crypto.rs","byte_start":159,"byte_end":183,"line_start":8,"line_end":8,"column_start":1,"column_end":25,"is_primary":false,"text":[{"text":"pub struct CryptoManager {","highlight_start":1,"highlight_end":25}],"label":"method `decrypt` not found for this struct","suggested_replacement":null,"suggestion_applicability":null,"expansion":null}],"children":[{"message":"items from traits can only be used if the trait is implemented and in scope","code":null,"level":"help","spans":[],"children":[],"rendered":null},{"message":"the following traits define an item `decrypt`, perhaps you need to implement one of them:\ncandidate #1: `Aead`\ncandidate #2: `AeadMut`\ncandidate #3: `AsyncStreamCipher`","code":null,"level":"note","spans":[],"children":[],"rendered":null}],"rendered":"\u001b[1m\u001b[91merror[E0599]\u001b[0m\u001b[1m: no method named `decrypt` found for struct `CryptoManager` in the current scope\u001b[0m\n  \u001b[1m\u001b[94m--> \u001b[0msrc/storage.rs:47:42\n   \u001b[1m\u001b[94m|\u001b[0m\n\u001b[1m\u001b[94m47\u001b[0m \u001b[1m\u001b[94m|\u001b[0m         let decrypted_json = self.crypto.decrypt(encrypted_data)\n   \u001b[1m\u001b[94m|\u001b[0m                                          \u001b[1m\u001b[91m^^^^^^^\u001b[0m \u001b[1m\u001b[91mmethod not found in `CryptoManager`\u001b[0m\n   \u001b[1m\u001b[94m|\u001b[0m\n  \u001b[1m\u001b[94m::: \u001b[0msrc/crypto.rs:8:1\n   \u001b[1m\u001b[94m|\u001b[0m\n \u001b[1m\u001b[94m8\u001b[0m \u001b[1m\u001b[94m|\u001b[0m pub struct CryptoManager {\n   \u001b[1m\u001b[94m|\u001b[0m \u001b[1m\u001b[94m------------------------\u001b[0m \u001b[1m\u001b[94mmethod `decrypt` not found for this struct\u001b[0m\n   \u001b[1m\u001b[94m|\u001b[0m\n   \u001b[1m\u001b[94m= \u001b[0m\u001b[1mhelp\u001b[0m: items from traits can only be used if the trait is implemented and in scope\n   \u001b[1m\u001b[94m= \u001b[0m\u001b[1mnote\u001b[0m: the following traits define an item `decrypt`, perhaps you need to implement one of them:\n           candidate #1: `Aead`\n           candidate #2: `AeadMut`\n           candidate #3: `AsyncStreamCipher`\n\n"}
{"$message_type":"diagnostic","message":"no method named `encrypt` found for struct `CryptoManager` in the current scope","code":{"code":"E0599","explanation":"This error occurs when a method is used on a type which doesn't implement it:\n\nErroneous code example:\n\n```compile_fail,E0599\nstruct Mouth;\n\nlet x = Mouth;\nx.chocolate(); // error: no method named `chocolate` found for type `Mouth`\n               //        in the current scope\n```\n\nIn this case, you need to implement the `chocolate` method to fix the error:\n\n```\nstruct Mouth;\n\nimpl Mouth {\n    fn chocolate(&self) { // We implement the `chocolate` method here.\n        println!(\"Hmmm! I love chocolate!\");\n    }\n}\n\nlet x = Mouth;\nx.chocolate(); // ok!\n```\n"},"level":"error","spans":[{"file_name":"src/storage.rs","byte_start":1810,"byte_end":1817,"line_start":60,"line_end":60,"column_start":42,"column_end":49,"is_primary":true,"text":[{"text":"        let encrypted_data = self.crypto.encrypt(&json);","highlight_start":42,"highlight_end":49}],"label":"method not found in `CryptoManager`","suggested_replacement":null,"suggestion_applicability":null,"expansion":null},{"file_name":"src/crypto.rs","byte_start":159,"byte_end":183,"line_start":8,"line_end":8,"column_start":1,"column_end":25,"is_primary":false,"text":[{"text":"pub struct CryptoManager {","highlight_start":1,"highlight_end":25}],"label":"method `encrypt` not found for this struct","suggested_replacement":null,"suggestion_applicability":null,"expansion":null}],"children":[{"message":"items from traits can only be used if the trait is implemented and in scope","code":null,"level":"help","spans":[],"children":[],"rendered":null},{"message":"the following traits define an item `encrypt`, perhaps you need to implement one of them:\ncandidate #1: `Aead`\ncandidate #2: `AeadMut`\ncandidate #3: `AsyncStreamCipher`","code":null,"level":"note","spans":[],"children":[],"rendered":null}],"rendered":"\u001b[1m\u001b[91merror[E0599]\u001b[0m\u001b[1m: no method named `encrypt` found for struct `CryptoManager` in the current scope\u001b[0m\n  \u001b[1m\u001b[94m--> \u001b[0msrc/storage.rs:60:42\n   \u001b[1m\u001b[94m|\u001b[0m\n\u001b[1m\u001b[94m60\u001b[0m \u001b[1m\u001b[94m|\u001b[0m         let encrypted_data = self.crypto.encrypt(&json);\n   \u001b[1m\u001b[94m|\u001b[0m                                          \u001b[1m\u001b[91m^^^^^^^\u001b[0m \u001b[1m\u001b[91mmethod not found in `CryptoManager`\u001b[0m\n   \u001b[1m\u001b[94m|\u001b[0m\n  \u001b[1m\u001b[94m::: \u001b[0msrc/crypto.rs:8:1\n   \u001b[1m\u001b[94m|\u001b[0m\n \u001b[1m\u001b[94m8\u001b[0m \u001b[1m\u001b[94m|\u001b[0m pub struct CryptoManager {\n   \u001b[1m\u001b[94m|\u001b[0m \u001b[1m\u001b[94m------------------------\u001b[0m \u001b[1m\u001b[94mmethod `encrypt` not found for this struct\u001b[0m\n   \u001b[1m\u001b[94m|\u001b[0m\n   \u001b[1m\u001b[94m= \u001b[0m\u001b[1mhelp\u001b[0m: items from traits can only be used if the trait is implemented and in scope\n   \u001b[1m\u001b[94m= \u001b[0m\u001b[1mnote\u001b[0m: the following traits define an item `encrypt`, perhaps you need to implement one of them:\n           candidate #1: `Aead`\n           candidate #2: `AeadMut`\n           candidate #3: `AsyncStreamCipher`\n\n"}
{"$message_type":"diagnostic","message":"failed to resolve: use of undeclared type `Cli`","code":{"code":"E0433","explanation":"An undeclared crate, module, or type was used.\n\nErroneous code example:\n\n```compile_fail,E0433\nlet map = HashMap::new();\n// error: failed to resolve: use of undeclared type `HashMap`\n```\n\nPlease verify you didn't misspell the type/module's name or that you didn't\nforget to import it:\n\n```\nuse std::collections::HashMap; // HashMap has been imported.\nlet map: HashMap<u32, u32> = HashMap::new(); // So it can be used!\n```\n\nIf you've expected to use a crate name:\n\n```compile_fail\nuse ferris_wheel::BigO;\n// error: failed to resolve: use of undeclared module or unlinked crate\n```\n\nMake sure the crate has been added as a dependency in `Cargo.toml`.\n\nTo use a module from your current crate, add the `crate::` prefix to the path.\n"},"level":"error","spans":[{"file_name":"src/main.rs","byte_start":1182,"byte_end":1185,"line_start":50,"line_end":50,"column_start":15,"column_end":18,"is_primary":true,"text":[{"text":"    let cli = Cli::parse();","highlight_start":15,"highlight_end":18}],"label":"use of undeclared type `Cli`","suggested_replacement":null,"suggestion_applicability":null,"expansion":null}],"children":[],"rendered":"\u001b[1m\u001b[91merror[E0433]\u001b[0m\u001b[1m: failed to resolve: use of undeclared type `Cli`\u001b[0m\n  \u001b[1m\u001b[94m--> \u001b[0msrc/main.rs:50:15\n   \u001b[1m\u001b[94m|\u001b[0m\n\u001b[1m\u001b[94m50\u001b[0m \u001b[1m\u001b[94m|\u001b[0m     let cli = Cli::parse();\n   \u001b[1m\u001b[94m|\u001b[0m               \u001b[1m\u001b[91m^^^\u001b[0m \u001b[1m\u001b[91muse of undeclared type `Cli`\u001b[0m\n\n"}
{"$message_type":"diagnostic","message":"no method named `unwrap_or_default` found for struct `std::string::String` in the current scope","code":{"code":"E0599","explanation":"This error occurs when a method is used on a type which doesn't implement it:\n\nErroneous code example:\n\n```compile_fail,E0599\nstruct Mouth;\n\nlet x = Mouth;\nx.chocolate(); // error: no method named `chocolate` found for type `Mouth`\n               //        in the current scope\n```\n\nIn this case, you need to implement the `chocolate` method to fix the error:\n\n```\nstruct Mouth;\n\nimpl Mouth {\n    fn chocolate(&self) { // We implement the `chocolate` method here.\n        println!(\"Hmmm! I love chocolate!\");\n    }\n}\n\nlet x = Mouth;\nx.chocolate(); // ok!\n```\n"},"level":"error","spans":[{"file_name":"src/main.rs","byte_start":2192,"byte_end":2209,"line_start":80,"line_end":80,"column_start":52,"column_end":69,"is_primary":true,"text":[{"text":"                        username: username.clone().unwrap_or_default(),","highlight_start":52,"highlight_end":69}],"label":"method not found in `std::string::String`","suggested_replacement":null,"suggestion_applicability":null,"expansion":null}],"children":[],"rendered":"\u001b[1m\u001b[91merror[E0599]\u001b[0m\u001b[1m: no method named `unwrap_or_default` found for struct `std::string::String` in the current scope\u001b[0m\n  \u001b[1m\u001b[94m--> \u001b[0msrc/main.rs:80:52\n   \u001b[1m\u001b[94m|\u001b[0m\n\u001b[1m\u001b[94m80\u001b[0m \u001b[1m\u001b[94m|\u001b[0m                         username: username.clone().unwrap_or_default(),\n   \u001b[1m\u001b[94m|\u001b[0m                                                    \u001b[1m\u001b[91m^^^^^^^^^^^^^^^^^\u001b[0m \u001b[1m\u001b[91mmethod not found in `std::string::String`\u001b[0m\n\n"}
{"$message_type":"diagnostic","message":"no method named `add` found for struct `PasswordStore` in the current scope","code":{"code":"E0599","explanation":"This error occurs when a method is used on a type which doesn't implement it:\n\nErroneous code example:\n\n```compile_fail,E0599\nstruct Mouth;\n\nlet x = Mouth;\nx.chocolate(); // error: no method named `chocolate` found for type `Mouth`\n               //        in the current scope\n```\n\nIn this case, you need to implement the `chocolate` method to fix the error:\n\n```\nstruct Mouth;\n\nimpl Mouth {\n    fn chocolate(&self) { // We implement the `chocolate` method here.\n        println!(\"Hmmm! I love chocolate!\");\n    }\n}\n\nlet x = Mouth;\nx.chocolate(); // ok!\n```\n"},"level":"error","spans":[{"file_name":"src/main.rs","byte_start":2301,"byte_end":2304,"line_start":83,"line_end":83,"column_start":27,"column_end":30,"is_primary":true,"text":[{"text":"                    store.add(entry);","highlight_start":27,"highlight_end":30}],"label":"method not found in `PasswordStore`","suggested_replacement":null,"suggestion_applicability":null,"expansion":null},{"file_name":"src/models.rs","byte_start":227,"byte_end":251,"line_start":11,"line_end":11,"column_start":1,"column_end":25,"is_primary":false,"text":[{"text":"pub struct PasswordStore {","highlight_start":1,"highlight_end":25}],"label":"method `add` not found for this struct","suggested_replacement":null,"suggestion_applicability":null,"expansion":null}],"children":[{"message":"items from traits can only be used if the trait is implemented and in scope","code":null,"level":"help","spans":[],"children":[],"rendered":null},{"message":"the following traits define an item `add`, perhaps you need to implement one of them:\ncandidate #1: `Add`\ncandidate #2: `anstyle_parse::CharAccumulator`","code":null,"level":"note","spans":[],"children":[],"rendered":null}],"rendered":"\u001b[1m\u001b[91merror[E0599]\u001b[0m\u001b[1m: no method named `add` found for struct `PasswordStore` in the current scope\u001b[0m\n  \u001b[1m\u001b[94m--> \u001b[0msrc/main.rs:83:27\n   \u001b[1m\u001b[94m|\u001b[0m\n\u001b[1m\u001b[94m83\u001b[0m \u001b[1m\u001b[94m|\u001b[0m                     store.add(entry);\n   \u001b[1m\u001b[94m|\u001b[0m                           \u001b[1m\u001b[91m^^^\u001b[0m \u001b[1m\u001b[91mmethod not found in `PasswordStore`\u001b[0m\n   \u001b[1m\u001b[94m|\u001b[0m\n  \u001b[1m\u001b[94m::: \u001b[0msrc/models.rs:11:1\n   \u001b[1m\u001b[94m|\u001b[0m\n\u001b[1m\u001b[94m11\u001b[0m \u001b[1m\u001b[94m|\u001b[0m pub struct PasswordStore {\n   \u001b[1m\u001b[94m|\u001b[0m \u001b[1m\u001b[94m------------------------\u001b[0m \u001b[1m\u001b[94mmethod `add` not found for this struct\u001b[0m\n   \u001b[1m\u001b[94m|\u001b[0m\n   \u001b[1m\u001b[94m= \u001b[0m\u001b[1mhelp\u001b[0m: items from traits can only be used if the trait is implemented and in scope\n   \u001b[1m\u001b[94m= \u001b[0m\u001b[1mnote\u001b[0m: the following traits define an item `add`, perhaps you need to implement one of them:\n           candidate #1: `Add`\n           candidate #2: `anstyle_parse::CharAccumulator`\n\n"}
{"$message_type":"diagnostic","message":"no method named `find` found for struct `PasswordStore` in the current scope","code":{"code":"E0599","explanation":"This error occurs when a method is used on a type which doesn't implement it:\n\nErroneous code example:\n\n```compile_fail,E0599\nstruct Mouth;\n\nlet x = Mouth;\nx.chocolate(); // error: no method named `chocolate` found for type `Mouth`\n               //        in the current scope\n```\n\nIn this case, you need to implement the `chocolate` method to fix the error:\n\n```\nstruct Mouth;\n\nimpl Mouth {\n    fn chocolate(&self) { // We implement the `chocolate` method here.\n        println!(\"Hmmm! I love chocolate!\");\n    }\n}\n\nlet x = Mouth;\nx.chocolate(); // ok!\n```\n"},"level":"error","spans":[{"file_name":"src/main.rs","byte_start":2797,"byte_end":2801,"line_start":97,"line_end":97,"column_start":44,"column_end":48,"is_primary":true,"text":[{"text":"                    if let Some(e) = store.find(&service) {","highlight_start":44,"highlight_end":48}],"label":"method not found in `PasswordStore`","suggested_replacement":null,"suggestion_applicability":null,"expansion":null},{"file_name":"src/models.rs","byte_start":227,"byte_end":251,"line_start":11,"line_end":11,"column_start":1,"column_end":25,"is_primary":false,"text":[{"text":"pub struct PasswordStore {","highlight_start":1,"highlight_end":25}],"label":"method `find` not found for this struct","suggested_replacement":null,"suggestion_applicability":null,"expansion":null}],"children":[{"message":"items from traits can only be used if the trait is implemented and in scope","code":null,"level":"help","spans":[],"children":[],"rendered":null},{"message":"the following traits define an item `find`, perhaps you need to implement one of them:\ncandidate #1: `Iterator`\ncandidate #2: `clap_lex::ext::OsStrExt`","code":null,"level":"note","spans":[],"children":[],"rendered":null}],"rendered":"\u001b[1m\u001b[91merror[E0599]\u001b[0m\u001b[1m: no method named `find` found for struct `PasswordStore` in the current scope\u001b[0m\n  \u001b[1m\u001b[94m--> \u001b[0msrc/main.rs:97:44\n   \u001b[1m\u001b[94m|\u001b[0m\n\u001b[1m\u001b[94m97\u001b[0m \u001b[1m\u001b[94m|\u001b[0m                     if let Some(e) = store.find(&service) {\n   \u001b[1m\u001b[94m|\u001b[0m                                            \u001b[1m\u001b[91m^^^^\u001b[0m \u001b[1m\u001b[91mmethod not found in `PasswordStore`\u001b[0m\n   \u001b[1m\u001b[94m|\u001b[0m\n  \u001b[1m\u001b[94m::: \u001b[0msrc/models.rs:11:1\n   \u001b[1m\u001b[94m|\u001b[0m\n\u001b[1m\u001b[94m11\u001b[0m \u001b[1m\u001b[94m|\u001b[0m pub struct PasswordStore {\n   \u001b[1m\u001b[94m|\u001b[0m \u001b[1m\u001b[94m------------------------\u001b[0m \u001b[1m\u001b[94mmethod `find` not found for this struct\u001b[0m\n   \u001b[1m\u001b[94m|\u001b[0m\n   \u001b[1m\u001b[94m= \u001b[0m\u001b[1mhelp\u001b[0m: items from traits can only be used if the trait is implemented and in scope\n   \u001b[1m\u001b[94m= \u001b[0m\u001b[1mnote\u001b[0m: the following traits define an item `find`, perhaps you need to implement one of them:\n           candidate #1: `Iterator`\n           candidate #2: `clap_lex::ext::OsStrExt`\n\n"}
{"$message_type":"diagnostic","message":"no method named `is_empty` found for struct `PasswordStore` in the current scope","code":{"code":"E0599","explanation":"This error occurs when a method is used on a type which doesn't implement it:\n\nErroneous code example:\n\n```compile_fail,E0599\nstruct Mouth;\n\nlet x = Mouth;\nx.chocolate(); // error: no method named `chocolate` found for type `Mouth`\n               //        in the current scope\n```\n\nIn this case, you need to implement the `chocolate` method to fix the error:\n\n```\nstruct Mouth;\n\nimpl Mouth {\n    fn chocolate(&self) { // We implement the `chocolate` method here.\n        println!(\"Hmmm! I love chocolate!\");\n    }\n}\n\nlet x = Mouth;\nx.chocolate(); // ok!\n```\n"},"level":"error","spans":[{"file_name":"src/main.rs","byte_start":3351,"byte_end":3359,"line_start":112,"line_end":112,"column_start":30,"column_end":38,"is_primary":true,"text":[{"text":"                    if store.is_empty() {","highlight_start":30,"highlight_end":38}],"label":"method not found in `PasswordStore`","suggested_replacement":null,"suggestion_applicability":null,"expansion":null},{"file_name":"src/models.rs","byte_start":227,"byte_end":251,"line_start":11,"line_end":11,"column_start":1,"column_end":25,"is_primary":false,"text":[{"text":"pub struct PasswordStore {","highlight_start":1,"highlight_end":25}],"label":"method `is_empty` not found for this struct","suggested_replacement":null,"suggestion_applicability":null,"expansion":null}],"children":[{"message":"items from traits can only be used if the trait is implemented and in scope","code":null,"level":"help","spans":[],"children":[],"rendered":null},{"message":"the following traits define an item `is_empty`, perhaps you need to implement one of them:\ncandidate #1: `Buffer`\ncandidate #2: `ExactSizeIterator`\ncandidate #3: `RangeBounds`\ncandidate #4: `SampleRange`","code":null,"level":"note","spans":[],"children":[],"rendered":null},{"message":"one of the expressions' fields has a method of the same name","code":null,"level":"help","spans":[{"file_name":"src/main.rs","byte_start":3351,"byte_end":3351,"line_start":112,"line_end":112,"column_start":30,"column_end":30,"is_primary":true,"text":[{"text":"                    if store.is_empty() {","highlight_start":30,"highlight_end":30}],"label":null,"suggested_replacement":"entries.","suggestion_applicability":"MaybeIncorrect","expansion":null}],"children":[],"rendered":null}],"rendered":"\u001b[1m\u001b[91merror[E0599]\u001b[0m\u001b[1m: no method named `is_empty` found for struct `PasswordStore` in the current scope\u001b[0m\n   \u001b[1m\u001b[94m--> \u001b[0msrc/main.rs:112:30\n    \u001b[1m\u001b[94m|\u001b[0m\n\u001b[1m\u001b[94m112\u001b[0m \u001b[1m\u001b[94m|\u001b[0m                     if store.is_empty() {\n    \u001b[1m\u001b[94m|\u001b[0m                              \u001b[1m\u001b[91m^^^^^^^^\u001b[0m \u001b[1m\u001b[91mmethod not found in `PasswordStore`\u001b[0m\n    \u001b[1m\u001b[94m|\u001b[0m\n   \u001b[1m\u001b[94m::: \u001b[0msrc/models.rs:11:1\n    \u001b[1m\u001b[94m|\u001b[0m\n \u001b[1m\u001b[94m11\u001b[0m \u001b[1m\u001b[94m|\u001b[0m pub struct PasswordStore {\n    \u001b[1m\u001b[94m|\u001b[0m \u001b[1m\u001b[94m------------------------\u001b[0m \u001b[1m\u001b[94mmethod `is_empty` not found for this struct\u001b[0m\n    \u001b[1m\u001b[94m|\u001b[0m\n    \u001b[1m\u001b[94m= \u001b[0m\u001b[1mhelp\u001b[0m: items from traits can only be used if the trait is implemented and in scope\n    \u001b[1m\u001b[94m= \u001b[0m\u001b[1mnote\u001b[0m: the following traits define an item `is_empty`, perhaps you need to implement one of them:\n            candidate #1: `Buffer`\n            candidate #2: `ExactSizeIterator`\n            candidate #3: `RangeBounds`\n            candidate #4: `SampleRange`\n\u001b[1m\u001b[96mhelp\u001b[0m: one of the expressions' fields has a method of the same name\n    \u001b[1m\u001b[94m|\u001b[0m\n\u001b[1m\u001b[94m112\u001b[0m \u001b[1m\u001b[94m| \u001b[0m                    if store.\u001b[92mentries.\u001b[0mis_empty() {\n    \u001b[1m\u001b[94m|\u001b[0m                              \u001b[92m++++++++\u001b[0m\n\n"}
{"$message_type":"diagnostic","message":"no method named `entries_iter` found for struct `PasswordStore` in the current scope","code":{"code":"E0599","explanation":"This error occurs when a method is used on a type which doesn't implement it:\n\nErroneous code example:\n\n```compile_fail,E0599\nstruct Mouth;\n\nlet x = Mouth;\nx.chocolate(); // error: no method named `chocolate` found for type `Mouth`\n               //        in the current scope\n```\n\nIn this case, you need to implement the `chocolate` method to fix the error:\n\n```\nstruct Mouth;\n\nimpl Mouth {\n    fn chocolate(&self) { // We implement the `chocolate` method here.\n        println!(\"Hmmm! I love chocolate!\");\n    }\n}\n\nlet x = Mouth;\nx.chocolate(); // ok!\n```\n"},"level":"error","spans":[{"file_name":"src/main.rs","byte_start":3485,"byte_end":3497,"line_start":115,"line_end":115,"column_start":40,"column_end":52,"is_primary":true,"text":[{"text":"                        for e in store.entries_iter() {","highlight_start":40,"highlight_end":52}],"label":"method not found in `PasswordStore`","suggested_replacement":null,"suggestion_applicability":null,"expansion":null},{"file_name":"src/models.rs","byte_start":227,"byte_end":251,"line_start":11,"line_end":11,"column_start":1,"column_end":25,"is_primary":false,"text":[{"text":"pub struct PasswordStore {","highlight_start":1,"highlight_end":25}],"label":"method `entries_iter` not found for this struct","suggested_replacement":null,"suggestion_applicability":null,"expansion":null}],"children":[],"rendered":"\u001b[1m\u001b[91merror[E0599]\u001b[0m\u001b[1m: no method named `entries_iter` found for struct `PasswordStore` in the current scope\u001b[0m\n   \u001b[1m\u001b[94m--> \u001b[0msrc/main.rs:115:40\n    \u001b[1m\u001b[94m|\u001b[0m\n\u001b[1m\u001b[94m115\u001b[0m \u001b[1m\u001b[94m|\u001b[0m                         for e in store.entries_iter() {\n    \u001b[1m\u001b[94m|\u001b[0m                                        \u001b[1m\u001b[91m^^^^^^^^^^^^\u001b[0m \u001b[1m\u001b[91mmethod not found in `PasswordStore`\u001b[0m\n    \u001b[1m\u001b[94m|\u001b[0m\n   \u001b[1m\u001b[94m::: \u001b[0msrc/models.rs:11:1\n    \u001b[1m\u001b[94m|\u001b[0m\n \u001b[1m\u001b[94m11\u001b[0m \u001b[1m\u001b[94m|\u001b[0m pub struct PasswordStore {\n    \u001b[1m\u001b[94m|\u001b[0m \u001b[1m\u001b[94m------------------------\u001b[0m \u001b[1m\u001b[94mmethod `entries_iter` not found for this struct\u001b[0m\n\n"}
{"$message_type":"diagnostic","message":"no method named `len` found for struct `PasswordStore` in the current scope","code":{"code":"E0599","explanation":"This error occurs when a method is used on a type which doesn't implement it:\n\nErroneous code example:\n\n```compile_fail,E0599\nstruct Mouth;\n\nlet x = Mouth;\nx.chocolate(); // error: no method named `chocolate` found for type `Mouth`\n               //        in the current scope\n```\n\nIn this case, you need to implement the `chocolate` method to fix the error:\n\n```\nstruct Mouth;\n\nimpl Mouth {\n    fn chocolate(&self) { // We implement the `chocolate` method here.\n        println!(\"Hmmm! I love chocolate!\");\n    }\n}\n\nlet x = Mouth;\nx.chocolate(); // ok!\n```\n"},"level":"error","spans":[{"file_name":"src/main.rs","byte_start":3883,"byte_end":3886,"line_start":127,"line_end":127,"column_start":40,"column_end":43,"is_primary":true,"text":[{"text":"                    let before = store.len();","highlight_start":40,"highlight_end":43}],"label":"method not found in `PasswordStore`","suggested_replacement":null,"suggestion_applicability":null,"expansion":null},{"file_name":"src/models.rs","byte_start":227,"byte_end":251,"line_start":11,"line_end":11,"column_start":1,"column_end":25,"is_primary":false,"text":[{"text":"pub struct PasswordStore {","highlight_start":1,"highlight_end":25}],"label":"method `len` not found for this struct","suggested_replacement":null,"suggestion_applicability":null,"expansion":null}],"children":[{"message":"items from traits can only be used if the trait is implemented and in scope","code":null,"level":"help","spans":[],"children":[],"rendered":null},{"message":"the following traits define an item `len`, perhaps you need to implement one of them:\ncandidate #1: `Buffer`\ncandidate #2: `ExactSizeIterator`\ncandidate #3: `Len`","code":null,"level":"note","spans":[],"children":[],"rendered":null},{"message":"one of the expressions' fields has a method of the same name","code":null,"level":"help","spans":[{"file_name":"src/main.rs","byte_start":3883,"byte_end":3883,"line_start":127,"line_end":127,"column_start":40,"column_end":40,"is_primary":true,"text":[{"text":"                    let before = store.len();","highlight_start":40,"highlight_end":40}],"label":null,"suggested_replacement":"entries.","suggestion_applicability":"MaybeIncorrect","expansion":null}],"children":[],"rendered":null}],"rendered":"\u001b[1m\u001b[91merror[E0599]\u001b[0m\u001b[1m: no method named `len` found for struct `PasswordStore` in the current scope\u001b[0m\n   \u001b[1m\u001b[94m--> \u001b[0msrc/main.rs:127:40\n    \u001b[1m\u001b[94m|\u001b[0m\n\u001b[1m\u001b[94m127\u001b[0m \u001b[1m\u001b[94m|\u001b[0m                     let before = store.len();\n    \u001b[1m\u001b[94m|\u001b[0m                                        \u001b[1m\u001b[91m^^^\u001b[0m \u001b[1m\u001b[91mmethod not found in `PasswordStore`\u001b[0m\n    \u001b[1m\u001b[94m|\u001b[0m\n   \u001b[1m\u001b[94m::: \u001b[0msrc/models.rs:11:1\n    \u001b[1m\u001b[94m|\u001b[0m\n \u001b[1m\u001b[94m11\u001b[0m \u001b[1m\u001b[94m|\u001b[0m pub struct PasswordStore {\n    \u001b[1m\u001b[94m|\u001b[0m \u001b[1m\u001b[94m------------------------\u001b[0m \u001b[1m\u001b[94mmethod `len` not found for this struct\u001b[0m\n    \u001b[1m\u001b[94m|\u001b[0m\n    \u001b[1m\u001b[94m= \u001b[0m\u001b[1mhelp\u001b[0m: items from traits can only be used if the trait is implemented and in scope\n    \u001b[1m\u001b[94m= \u001b[0m\u001b[1mnote\u001b[0m: the following traits define an item `len`, perhaps you need to implement one of them:\n            candidate #1: `Buffer`\n            candidate #2: `ExactSizeIterator`\n            candidate #3: `Len`\n\u001b[1m\u001b[96mhelp\u001b[0m: one of the expressions' fields has a method of the same name\n    \u001b[1m\u001b[94m|\u001b[0m\n\u001b[1m\u001b[94m127\u001b[0m \u001b[1m\u001b[94m| \u001b[0m                    let before = store.\u001b[92mentries.\u001b[0mlen();\n    \u001b[1m\u001b[94m|\u001b[0m                                        \u001b[92m++++++++\u001b[0m\n\n"}
{"$message_type":"diagnostic","message":"no method named `retain` found for struct `PasswordStore` in the current scope","code":{"code":"E0599","explanation":"This error occurs when a method is used on a type which doesn't implement it:\n\nErroneous code example:\n\n```compile_fail,E0599\nstruct Mouth;\n\nlet x = Mouth;\nx.chocolate(); // error: no method named `chocolate` found for type `Mouth`\n               //        in the current scope\n```\n\nIn this case, you need to implement the `chocolate` method to fix the error:\n\n```\nstruct Mouth;\n\nimpl Mouth {\n    fn chocolate(&self) { // We implement the `chocolate` method here.\n        println!(\"Hmmm! I love chocolate!\");\n    }\n}\n\nlet x = Mouth;\nx.chocolate(); // ok!\n```\n"},"level":"error","spans":[{"file_name":"src/main.rs","byte_start":3916,"byte_end":3922,"line_start":128,"line_end":128,"column_start":27,"column_end":33,"is_primary":true,"text":[{"text":"                    store.retain(|e| e.service != service);","highlight_start":27,"highlight_end":33}],"label":"method not found in `PasswordStore`","suggested_replacement":null,"suggestion_applicability":null,"expansion":null},{"file_name":"src/models.rs","byte_start":227,"byte_end":251,"line_start":11,"line_end":11,"column_start":1,"column_end":25,"is_primary":false,"text":[{"text":"pub struct PasswordStore {","highlight_start":1,"highlight_end":25}],"label":"method `retain` not found for this struct","suggested_replacement":null,"suggestion_applicability":null,"expansion":null}],"children":[{"message":"one of the expressions' fields has a method of the same name","code":null,"level":"help","spans":[{"file_name":"src/main.rs","byte_start":3916,"byte_end":3916,"line_start":128,"line_end":128,"column_start":27,"column_end":27,"is_primary":true,"text":[{"text":"                    store.retain(|e| e.service != service);","highlight_start":27,"highlight_end":27}],"label":null,"suggested_replacement":"entries.","suggestion_applicability":"MaybeIncorrect","expansion":null}],"children":[],"rendered":null}],"rendered":"\u001b[1m\u001b[91merror[E0599]\u001b[0m\u001b[1m: no method named `retain` found for struct `PasswordStore` in the current scope\u001b[0m\n   \u001b[1m\u001b[94m--> \u001b[0msrc/main.rs:128:27\n    \u001b[1m\u001b[94m|\u001b[0m\n\u001b[1m\u001b[94m128\u001b[0m \u001b[1m\u001b[94m|\u001b[0m                     store.retain(|e| e.service != service);\n    \u001b[1m\u001b[94m|\u001b[0m                           \u001b[1m\u001b[91m^^^^^^\u001b[0m \u001b[1m\u001b[91mmethod not found in `PasswordStore`\u001b[0m\n    \u001b[1m\u001b[94m|\u001b[0m\n   \u001b[1m\u001b[94m::: \u001b[0msrc/models.rs:11:1\n    \u001b[1m\u001b[94m|\u001b[0m\n \u001b[1m\u001b[94m11\u001b[0m \u001b[1m\u001b[94m|\u001b[0m pub struct PasswordStore {\n    \u001b[1m\u001b[94m|\u001b[0m \u001b[1m\u001b[94m------------------------\u001b[0m \u001b[1m\u001b[94mmethod `retain` not found for this struct\u001b[0m\n    \u001b[1m\u001b[94m|\u001b[0m\n\u001b[1m\u001b[96mhelp\u001b[0m: one of the expressions' fields has a method of the same name\n    \u001b[1m\u001b[94m|\u001b[0m\n\u001b[1m\u001b[94m128\u001b[0m \u001b[1m\u001b[94m| \u001b[0m                    store.\u001b[92mentries.\u001b[0mretain(|e| e.service != service);\n    \u001b[1m\u001b[94m|\u001b[0m                           \u001b[92m++++++++\u001b[0m\n\n"}
{"$message_type":"diagnostic","message":"no method named `len` found for struct `PasswordStore` in the current scope","code":{"code":"E0599","explanation":"This error occurs when a method is used on a type which doesn't implement it:\n\nErroneous code example:\n\n```compile_fail,E0599\nstruct Mouth;\n\nlet x = Mouth;\nx.chocolate(); // error: no method named `chocolate` found for type `Mouth`\n               //        in the current scope\n```\n\nIn this case, you need to implement the `chocolate` method to fix the error:\n\n```\nstruct Mouth;\n\nimpl Mouth {\n    fn chocolate(&self) { // We implement the `chocolate` method here.\n        println!(\"Hmmm! I love chocolate!\");\n    }\n}\n\nlet x = Mouth;\nx.chocolate(); // ok!\n```\n"},"level":"error","spans":[{"file_name":"src/main.rs","byte_start":3988,"byte_end":3991,"line_start":129,"line_end":129,"column_start":39,"column_end":42,"is_primary":true,"text":[{"text":"                    let after = store.len();","highlight_start":39,"highlight_end":42}],"label":"method not found in `PasswordStore`","suggested_replacement":null,"suggestion_applicability":null,"expansion":null},{"file_name":"src/models.rs","byte_start":227,"byte_end":251,"line_start":11,"line_end":11,"column_start":1,"column_end":25,"is_primary":false,"text":[{"text":"pub struct PasswordStore {","highlight_start":1,"highlight_end":25}],"label":"method `len` not found for this struct","suggested_replacement":null,"suggestion_applicability":null,"expansion":null}],"children":[{"message":"items from traits can only be used if the trait is implemented and in scope","code":null,"level":"help","spans":[],"children":[],"rendered":null},{"message":"the following traits define an item `len`, perhaps you need to implement one of them:\ncandidate #1: `Buffer`\ncandidate #2: `ExactSizeIterator`\ncandidate #3: `Len`","code":null,"level":"note","spans":[],"children":[],"rendered":null},{"message":"one of the expressions' fields has a method of the same name","code":null,"level":"help","spans":[{"file_name":"src/main.rs","byte_start":3988,"byte_end":3988,"line_start":129,"line_end":129,"column_start":39,"column_end":39,"is_primary":true,"text":[{"text":"                    let after = store.len();","highlight_start":39,"highlight_end":39}],"label":null,"suggested_replacement":"entries.","suggestion_applicability":"MaybeIncorrect","expansion":null}],"children":[],"rendered":null}],"rendered":"\u001b[1m\u001b[91merror[E0599]\u001b[0m\u001b[1m: no method named `len` found for struct `PasswordStore` in the current scope\u001b[0m\n   \u001b[1m\u001b[94m--> \u001b[0msrc/main.rs:129:39\n    \u001b[1m\u001b[94m|\u001b[0m\n\u001b[1m\u001b[94m129\u001b[0m \u001b[1m\u001b[94m|\u001b[0m                     let after = store.len();\n    \u001b[1m\u001b[94m|\u001b[0m                                       \u001b[1m\u001b[91m^^^\u001b[0m \u001b[1m\u001b[91mmethod not found in `PasswordStore`\u001b[0m\n    \u001b[1m\u001b[94m|\u001b[0m\n   \u001b[1m\u001b[94m::: \u001b[0msrc/models.rs:11:1\n    \u001b[1m\u001b[94m|\u001b[0m\n \u001b[1m\u001b[94m11\u001b[0m \u001b[1m\u001b[94m|\u001b[0m pub struct PasswordStore {\n    \u001b[1m\u001b[94m|\u001b[0m \u001b[1m\u001b[94m------------------------\u001b[0m \u001b[1m\u001b[94mmethod `len` not found for this struct\u001b[0m\n    \u001b[1m\u001b[94m|\u001b[0m\n    \u001b[1m\u001b[94m= \u001b[0m\u001b[1mhelp\u001b[0m: items from traits can only be used if the trait is implemented and in scope\n    \u001b[1m\u001b[94m= \u001b[0m\u001b[1mnote\u001b[0m: the following traits define an item `len`, perhaps you need to implement one of them:\n            candidate #1: `Buffer`\n            candidate #2: `ExactSizeIterator`\n            candidate #3: `Len`\n\u001b[1m\u001b[96mhelp\u001b[0m: one of the expressions' fields has a method of the same name\n    \u001b[1m\u001b[94m|\u001b[0m\n\u001b[1m\u001b[94m129\u001b[0m \u001b[1m\u001b[94m| \u001b[0m                    let after = store.\u001b[92mentries.\u001b[0mlen();\n    \u001b[1m\u001b[94m|\u001b[0m                                       \u001b[92m++++++++\u001b[0m\n\n"}
{"$message_type":"diagnostic","message":"no method named `unwrap_or` found for type `u32` in the current scope","code":{"code":"E0599","explanation":"This error occurs when a method is used on a type which doesn't implement it:\n\nErroneous code example:\n\n```compile_fail,E0599\nstruct Mouth;\n\nlet x = Mouth;\nx.chocolate(); // error: no method named `chocolate` found for type `Mouth`\n               //        in the current scope\n```\n\nIn this case, you need to implement the `chocolate` method to fix the error:\n\n```\nstruct Mouth;\n\nimpl Mouth {\n    fn chocolate(&self) { // We implement the `chocolate` method here.\n        println!(\"Hmmm! I love chocolate!\");\n    }\n}\n\nlet x = Mouth;\nx.chocolate(); // ok!\n```\n"},"level":"error","spans":[{"file_name":"src/main.rs","byte_start":4596,"byte_end":4605,"line_start":145,"line_end":145,"column_start":30,"column_end":39,"is_primary":true,"text":[{"text":"            let len = length.unwrap_or(16);","highlight_start":30,"highlight_end":39}],"label":"method not found in `u32`","suggested_replacement":null,"suggestion_applicability":null,"expansion":null}],"children":[],"rendered":"\u001b[1m\u001b[91merror[E0599]\u001b[0m\u001b[1m: no method named `unwrap_or` found for type `u32` in the current scope\u001b[0m\n   \u001b[1m\u001b[94m--> \u001b[0msrc/main.rs:145:30\n    \u001b[1m\u001b[94m|\u001b[0m\n\u001b[1m\u001b[94m145\u001b[0m \u001b[1m\u001b[94m|\u001b[0m             let len = length.unwrap_or(16);\n    \u001b[1m\u001b[94m|\u001b[0m                              \u001b[1m\u001b[91m^^^^^^^^^\u001b[0m \u001b[1m\u001b[91mmethod not found in `u32`\u001b[0m\n\n"}
{"$message_type":"diagnostic","message":"unused import: `rand::Rng`","code":{"code":"unused_imports","explanation":null},"level":"warning","spans":[{"file_name":"src/main.rs","byte_start":91,"byte_end":100,"line_start":6,"line_end":6,"column_start":5,"column_end":14,"is_primary":true,"text":[{"text":"use rand::Rng;","highlight_start":5,"highlight_end":14}],"label":null,"suggested_replacement":null,"suggestion_applicability":null,"expansion":null}],"children":[],"rendered":"\u001b[1m\u001b[33mwarning\u001b[0m\u001b[1m: unused import: `rand::Rng`\u001b[0m\n \u001b[1m\u001b[94m--> \u001b[0msrc/main.rs:6:5\n  \u001b[1m\u001b[94m|\u001b[0m\n\u001b[1m\u001b[94m6\u001b[0m \u001b[1m\u001b[94m|\u001b[0m use rand::Rng;\n  \u001b[1m\u001b[94m|\u001b[0m     \u001b[1m\u001b[33m^^^^^^^^^\u001b[0m\n\n"}
{"$message_type":"diagnostic","message":"aborting due to 16 previous errors; 6 warnings emitted","code":null,"level":"error","spans":[],"children":[],"rendered":"\u001b[1m\u001b[91merror\u001b[0m\u001b[1m: aborting due to 16 previous errors; 6 warnings emitted\u001b[0m\n\n"}
{"$message_type":"diagnostic","message":"Some errors have detailed explanations: E0432, E0433, E0599.","code":null,"level":"failure-note","spans":[],"children":[],"rendered":"\u001b[1mSome errors have detailed explanations: E0432, E0433, E0599.\u001b[0m\n"}
{"$message_type":"diagnostic","message":"For more information about an error, try `rustc --explain E0432`.","code":null,"level":"failure-note","spans":[],"children":[],"rendered":"\u001b[1mFor more information about an error, try `rustc --explain E0432`.\u001b[0m\n"}
