{"$message_type":"diagnostic","message":"unresolved import `anyhow`","code":{"code":"E0432","explanation":"An import was unresolved.\n\nErroneous code example:\n\n```compile_fail,E0432\nuse something::Foo; // error: unresolved import `something::Foo`.\n```\n\nIn Rust 2015, paths in `use` statements are relative to the crate root. To\nimport items relative to the current and parent modules, use the `self::` and\n`super::` prefixes, respectively.\n\nIn Rust 2018 or later, paths in `use` statements are relative to the current\nmodule unless they begin with the name of a crate or a literal `crate::`, in\nwhich case they start from the crate root. As in Rust 2015 code, the `self::`\nand `super::` prefixes refer to the current and parent modules respectively.\n\nAlso verify that you didn't misspell the import name and that the import exists\nin the module from where you tried to import it. Example:\n\n```\nuse self::something::Foo; // Ok.\n\nmod something {\n    pub struct Foo;\n}\n# fn main() {}\n```\n\nIf you tried to use a module from an external crate and are using Rust 2015,\nyou may have missed the `extern crate` declaration (which is usually placed in\nthe crate root):\n\n```edition2015\nextern crate core; // Required to use the `core` crate in Rust 2015.\n\nuse core::any;\n# fn main() {}\n```\n\nSince Rust 2018 the `extern crate` declaration is not required and\nyou can instead just `use` it:\n\n```edition2018\nuse core::any; // No extern crate required in Rust 2018.\n# fn main() {}\n```\n"},"level":"error","spans":[{"file_name":"src/main.rs","byte_start":4,"byte_end":10,"line_start":1,"line_end":1,"column_start":5,"column_end":11,"is_primary":true,"text":[{"text":"use anyhow::{Context, Result, anyhow};","highlight_start":5,"highlight_end":11}],"label":"use of unresolved module or unlinked crate `anyhow`","suggested_replacement":null,"suggestion_applicability":null,"expansion":null}],"children":[{"message":"if you wanted to use a crate named `anyhow`, use `cargo add anyhow` to add it to your `Cargo.toml`","code":null,"level":"help","spans":[],"children":[],"rendered":null}],"rendered":"\u001b[1m\u001b[91merror[E0432]\u001b[0m\u001b[1m: unresolved import `anyhow`\u001b[0m\n \u001b[1m\u001b[94m--> \u001b[0msrc/main.rs:1:5\n  \u001b[1m\u001b[94m|\u001b[0m\n\u001b[1m\u001b[94m1\u001b[0m \u001b[1m\u001b[94m|\u001b[0m use anyhow::{Context, Result, anyhow};\n  \u001b[1m\u001b[94m|\u001b[0m     \u001b[1m\u001b[91m^^^^^^\u001b[0m \u001b[1m\u001b[91muse of unresolved module or unlinked crate `anyhow`\u001b[0m\n  \u001b[1m\u001b[94m|\u001b[0m\n  \u001b[1m\u001b[94m= \u001b[0m\u001b[1mhelp\u001b[0m: if you wanted to use a crate named `anyhow`, use `cargo add anyhow` to add it to your `Cargo.toml`\n\n"}
{"$message_type":"diagnostic","message":"no method named `with_context` found for enum `Result<T, E>` in the current scope","code":{"code":"E0599","explanation":"This error occurs when a method is used on a type which doesn't implement it:\n\nErroneous code example:\n\n```compile_fail,E0599\nstruct Mouth;\n\nlet x = Mouth;\nx.chocolate(); // error: no method named `chocolate` found for type `Mouth`\n               //        in the current scope\n```\n\nIn this case, you need to implement the `chocolate` method to fix the error:\n\n```\nstruct Mouth;\n\nimpl Mouth {\n    fn chocolate(&self) { // We implement the `chocolate` method here.\n        println!(\"Hmmm! I love chocolate!\");\n    }\n}\n\nlet x = Mouth;\nx.chocolate(); // ok!\n```\n"},"level":"error","spans":[{"file_name":"src/main.rs","byte_start":1069,"byte_end":1081,"line_start":43,"line_end":43,"column_start":33,"column_end":45,"is_primary":true,"text":[{"text":"    let file = File::open(path).with_context(|| format!(\"Impossible d'ouvrir le fichier : {}\", path))?;","highlight_start":33,"highlight_end":45}],"label":"method not found in `Result<File, std::io::Error>`","suggested_replacement":null,"suggestion_applicability":null,"expansion":null}],"children":[],"rendered":"\u001b[1m\u001b[91merror[E0599]\u001b[0m\u001b[1m: no method named `with_context` found for enum `Result<T, E>` in the current scope\u001b[0m\n  \u001b[1m\u001b[94m--> \u001b[0msrc/main.rs:43:33\n   \u001b[1m\u001b[94m|\u001b[0m\n\u001b[1m\u001b[94m43\u001b[0m \u001b[1m\u001b[94m|\u001b[0m     let file = File::open(path).with_context(|| format!(\"Impossible d'ouvrir le fichier : {}\", path))?;\n   \u001b[1m\u001b[94m|\u001b[0m                                 \u001b[1m\u001b[91m^^^^^^^^^^^^\u001b[0m \u001b[1m\u001b[91mmethod not found in `Result<File, std::io::Error>`\u001b[0m\n\n"}
{"$message_type":"diagnostic","message":"no method named `context` found for enum `Result<T, E>` in the current scope","code":{"code":"E0599","explanation":"This error occurs when a method is used on a type which doesn't implement it:\n\nErroneous code example:\n\n```compile_fail,E0599\nstruct Mouth;\n\nlet x = Mouth;\nx.chocolate(); // error: no method named `chocolate` found for type `Mouth`\n               //        in the current scope\n```\n\nIn this case, you need to implement the `chocolate` method to fix the error:\n\n```\nstruct Mouth;\n\nimpl Mouth {\n    fn chocolate(&self) { // We implement the `chocolate` method here.\n        println!(\"Hmmm! I love chocolate!\");\n    }\n}\n\nlet x = Mouth;\nx.chocolate(); // ok!\n```\n"},"level":"error","spans":[{"file_name":"src/main.rs","byte_start":1256,"byte_end":1305,"line_start":48,"line_end":49,"column_start":31,"column_end":18,"is_primary":false,"text":[{"text":"            let data: Value = serde_json::from_reader(reader)","highlight_start":31,"highlight_end":62},{"text":"                .context(\"Erreur lors du parsing JSON\")?;","highlight_start":1,"highlight_end":18}],"label":"","suggested_replacement":null,"suggestion_applicability":null,"expansion":null},{"file_name":"src/main.rs","byte_start":1305,"byte_end":1312,"line_start":49,"line_end":49,"column_start":18,"column_end":25,"is_primary":true,"text":[{"text":"                .context(\"Erreur lors du parsing JSON\")?;","highlight_start":18,"highlight_end":25}],"label":"method not found in `Result<_, serde_json::Error>`","suggested_replacement":null,"suggestion_applicability":null,"expansion":null}],"children":[],"rendered":"\u001b[1m\u001b[91merror[E0599]\u001b[0m\u001b[1m: no method named `context` found for enum `Result<T, E>` in the current scope\u001b[0m\n  \u001b[1m\u001b[94m--> \u001b[0msrc/main.rs:49:18\n   \u001b[1m\u001b[94m|\u001b[0m\n\u001b[1m\u001b[94m48\u001b[0m \u001b[1m\u001b[94m|\u001b[0m               let data: Value = serde_json::from_reader(reader)\n   \u001b[1m\u001b[94m|\u001b[0m \u001b[1m\u001b[94m _______________________________-\u001b[0m\n\u001b[1m\u001b[94m49\u001b[0m \u001b[1m\u001b[94m|\u001b[0m \u001b[1m\u001b[94m|\u001b[0m                 .context(\"Erreur lors du parsing JSON\")?;\n   \u001b[1m\u001b[94m|\u001b[0m \u001b[1m\u001b[94m|\u001b[0m                 \u001b[1m\u001b[94m-\u001b[0m\u001b[1m\u001b[91m^^^^^^^\u001b[0m \u001b[1m\u001b[91mmethod not found in `Result<_, serde_json::Error>`\u001b[0m\n   \u001b[1m\u001b[94m|\u001b[0m \u001b[1m\u001b[94m|_________________|\u001b[0m\n   \u001b[1m\u001b[94m|\u001b[0m\n\n"}
{"$message_type":"diagnostic","message":"no method named `context` found for enum `Result<T, E>` in the current scope","code":{"code":"E0599","explanation":"This error occurs when a method is used on a type which doesn't implement it:\n\nErroneous code example:\n\n```compile_fail,E0599\nstruct Mouth;\n\nlet x = Mouth;\nx.chocolate(); // error: no method named `chocolate` found for type `Mouth`\n               //        in the current scope\n```\n\nIn this case, you need to implement the `chocolate` method to fix the error:\n\n```\nstruct Mouth;\n\nimpl Mouth {\n    fn chocolate(&self) { // We implement the `chocolate` method here.\n        println!(\"Hmmm! I love chocolate!\");\n    }\n}\n\nlet x = Mouth;\nx.chocolate(); // ok!\n```\n"},"level":"error","spans":[{"file_name":"src/main.rs","byte_start":1433,"byte_end":1482,"line_start":53,"line_end":54,"column_start":31,"column_end":18,"is_primary":false,"text":[{"text":"            let data: Value = serde_yaml::from_reader(reader)","highlight_start":31,"highlight_end":62},{"text":"                .context(\"Erreur lors du parsing YAML\")?;","highlight_start":1,"highlight_end":18}],"label":"","suggested_replacement":null,"suggestion_applicability":null,"expansion":null},{"file_name":"src/main.rs","byte_start":1482,"byte_end":1489,"line_start":54,"line_end":54,"column_start":18,"column_end":25,"is_primary":true,"text":[{"text":"                .context(\"Erreur lors du parsing YAML\")?;","highlight_start":18,"highlight_end":25}],"label":"method not found in `Result<_, serde_yaml::Error>`","suggested_replacement":null,"suggestion_applicability":null,"expansion":null}],"children":[],"rendered":"\u001b[1m\u001b[91merror[E0599]\u001b[0m\u001b[1m: no method named `context` found for enum `Result<T, E>` in the current scope\u001b[0m\n  \u001b[1m\u001b[94m--> \u001b[0msrc/main.rs:54:18\n   \u001b[1m\u001b[94m|\u001b[0m\n\u001b[1m\u001b[94m53\u001b[0m \u001b[1m\u001b[94m|\u001b[0m               let data: Value = serde_yaml::from_reader(reader)\n   \u001b[1m\u001b[94m|\u001b[0m \u001b[1m\u001b[94m _______________________________-\u001b[0m\n\u001b[1m\u001b[94m54\u001b[0m \u001b[1m\u001b[94m|\u001b[0m \u001b[1m\u001b[94m|\u001b[0m                 .context(\"Erreur lors du parsing YAML\")?;\n   \u001b[1m\u001b[94m|\u001b[0m \u001b[1m\u001b[94m|\u001b[0m                 \u001b[1m\u001b[94m-\u001b[0m\u001b[1m\u001b[91m^^^^^^^\u001b[0m \u001b[1m\u001b[91mmethod not found in `Result<_, serde_yaml::Error>`\u001b[0m\n   \u001b[1m\u001b[94m|\u001b[0m \u001b[1m\u001b[94m|_________________|\u001b[0m\n   \u001b[1m\u001b[94m|\u001b[0m\n\n"}
{"$message_type":"diagnostic","message":"type annotations needed","code":{"code":"E0282","explanation":"The compiler could not infer a type and asked for a type annotation.\n\nErroneous code example:\n\n```compile_fail,E0282\nlet x = Vec::new();\n```\n\nThis error indicates that type inference did not result in one unique possible\ntype, and extra information is required. In most cases this can be provided\nby adding a type annotation. Sometimes you need to specify a generic type\nparameter manually.\n\nIn the example above, type `Vec` has a type parameter `T`. When calling\n`Vec::new`, barring any other later usage of the variable `x` that allows the\ncompiler to infer what type `T` is, the compiler needs to be told what it is.\n\nThe type can be specified on the variable:\n\n```\nlet x: Vec<i32> = Vec::new();\n```\n\nThe type can also be specified in the path of the expression:\n\n```\nlet x = Vec::<i32>::new();\n```\n\nIn cases with more complex types, it is not necessary to annotate the full\ntype. Once the ambiguity is resolved, the compiler can infer the rest:\n\n```\nlet x: Vec<_> = \"hello\".chars().rev().collect();\n```\n\nAnother way to provide the compiler with enough information, is to specify the\ngeneric type parameter:\n\n```\nlet x = \"hello\".chars().rev().collect::<Vec<char>>();\n```\n\nAgain, you need not specify the full type if the compiler can infer it:\n\n```\nlet x = \"hello\".chars().rev().collect::<Vec<_>>();\n```\n\nApart from a method or function with a generic type parameter, this error can\noccur when a type parameter of a struct or trait cannot be inferred. In that\ncase it is not always possible to use a type annotation, because all candidates\nhave the same return type. For instance:\n\n```compile_fail,E0282\nstruct Foo<T> {\n    num: T,\n}\n\nimpl<T> Foo<T> {\n    fn bar() -> i32 {\n        0\n    }\n\n    fn baz() {\n        let number = Foo::bar();\n    }\n}\n```\n\nThis will fail because the compiler does not know which instance of `Foo` to\ncall `bar` on. Change `Foo::bar()` to `Foo::<T>::bar()` to resolve the error.\n"},"level":"error","spans":[{"file_name":"src/main.rs","byte_start":1798,"byte_end":1804,"line_start":62,"line_end":62,"column_start":62,"column_end":68,"is_primary":true,"text":[{"text":"                let record: serde_json::Map<String, Value> = result","highlight_start":62,"highlight_end":68}],"label":"cannot infer type","suggested_replacement":null,"suggestion_applicability":null,"expansion":null}],"children":[],"rendered":"\u001b[1m\u001b[91merror[E0282]\u001b[0m\u001b[1m: type annotations needed\u001b[0m\n  \u001b[1m\u001b[94m--> \u001b[0msrc/main.rs:62:62\n   \u001b[1m\u001b[94m|\u001b[0m\n\u001b[1m\u001b[94m62\u001b[0m \u001b[1m\u001b[94m|\u001b[0m                 let record: serde_json::Map<String, Value> = result\n   \u001b[1m\u001b[94m|\u001b[0m                                                              \u001b[1m\u001b[91m^^^^^^\u001b[0m \u001b[1m\u001b[91mcannot infer type\u001b[0m\n\n"}
{"$message_type":"diagnostic","message":"no method named `with_context` found for enum `Result<T, E>` in the current scope","code":{"code":"E0599","explanation":"This error occurs when a method is used on a type which doesn't implement it:\n\nErroneous code example:\n\n```compile_fail,E0599\nstruct Mouth;\n\nlet x = Mouth;\nx.chocolate(); // error: no method named `chocolate` found for type `Mouth`\n               //        in the current scope\n```\n\nIn this case, you need to implement the `chocolate` method to fix the error:\n\n```\nstruct Mouth;\n\nimpl Mouth {\n    fn chocolate(&self) { // We implement the `chocolate` method here.\n        println!(\"Hmmm! I love chocolate!\");\n    }\n}\n\nlet x = Mouth;\nx.chocolate(); // ok!\n```\n"},"level":"error","spans":[{"file_name":"src/main.rs","byte_start":2109,"byte_end":2121,"line_start":72,"line_end":72,"column_start":35,"column_end":47,"is_primary":true,"text":[{"text":"    let file = File::create(path).with_context(|| format!(\"Impossible de créer le fichier : {}\", path))?;","highlight_start":35,"highlight_end":47}],"label":"method not found in `Result<File, std::io::Error>`","suggested_replacement":null,"suggestion_applicability":null,"expansion":null}],"children":[],"rendered":"\u001b[1m\u001b[91merror[E0599]\u001b[0m\u001b[1m: no method named `with_context` found for enum `Result<T, E>` in the current scope\u001b[0m\n  \u001b[1m\u001b[94m--> \u001b[0msrc/main.rs:72:35\n   \u001b[1m\u001b[94m|\u001b[0m\n\u001b[1m\u001b[94m72\u001b[0m \u001b[1m\u001b[94m|\u001b[0m     let file = File::create(path).with_context(|| format!(\"Impossible de créer le fichier : {}\", path))?;\n   \u001b[1m\u001b[94m|\u001b[0m                                   \u001b[1m\u001b[91m^^^^^^^^^^^^\u001b[0m \u001b[1m\u001b[91mmethod not found in `Result<File, std::io::Error>`\u001b[0m\n\n"}
{"$message_type":"diagnostic","message":"no method named `context` found for enum `Result<T, E>` in the current scope","code":{"code":"E0599","explanation":"This error occurs when a method is used on a type which doesn't implement it:\n\nErroneous code example:\n\n```compile_fail,E0599\nstruct Mouth;\n\nlet x = Mouth;\nx.chocolate(); // error: no method named `chocolate` found for type `Mouth`\n               //        in the current scope\n```\n\nIn this case, you need to implement the `chocolate` method to fix the error:\n\n```\nstruct Mouth;\n\nimpl Mouth {\n    fn chocolate(&self) { // We implement the `chocolate` method here.\n        println!(\"Hmmm! I love chocolate!\");\n    }\n}\n\nlet x = Mouth;\nx.chocolate(); // ok!\n```\n"},"level":"error","spans":[{"file_name":"src/main.rs","byte_start":2279,"byte_end":2339,"line_start":77,"line_end":78,"column_start":13,"column_end":18,"is_primary":false,"text":[{"text":"            serde_json::to_writer_pretty(writer, data)","highlight_start":13,"highlight_end":55},{"text":"                .context(\"Erreur lors de l'écriture JSON\")?;","highlight_start":1,"highlight_end":18}],"label":"","suggested_replacement":null,"suggestion_applicability":null,"expansion":null},{"file_name":"src/main.rs","byte_start":2339,"byte_end":2346,"line_start":78,"line_end":78,"column_start":18,"column_end":25,"is_primary":true,"text":[{"text":"                .context(\"Erreur lors de l'écriture JSON\")?;","highlight_start":18,"highlight_end":25}],"label":"method not found in `Result<(), serde_json::Error>`","suggested_replacement":null,"suggestion_applicability":null,"expansion":null}],"children":[],"rendered":"\u001b[1m\u001b[91merror[E0599]\u001b[0m\u001b[1m: no method named `context` found for enum `Result<T, E>` in the current scope\u001b[0m\n  \u001b[1m\u001b[94m--> \u001b[0msrc/main.rs:78:18\n   \u001b[1m\u001b[94m|\u001b[0m\n\u001b[1m\u001b[94m77\u001b[0m \u001b[1m\u001b[94m|\u001b[0m \u001b[1m\u001b[94m/\u001b[0m             serde_json::to_writer_pretty(writer, data)\n\u001b[1m\u001b[94m78\u001b[0m \u001b[1m\u001b[94m|\u001b[0m \u001b[1m\u001b[94m|\u001b[0m                 .context(\"Erreur lors de l'écriture JSON\")?;\n   \u001b[1m\u001b[94m|\u001b[0m \u001b[1m\u001b[94m|\u001b[0m                 \u001b[1m\u001b[94m-\u001b[0m\u001b[1m\u001b[91m^^^^^^^\u001b[0m \u001b[1m\u001b[91mmethod not found in `Result<(), serde_json::Error>`\u001b[0m\n   \u001b[1m\u001b[94m|\u001b[0m \u001b[1m\u001b[94m|_________________|\u001b[0m\n   \u001b[1m\u001b[94m|\u001b[0m\n\n"}
{"$message_type":"diagnostic","message":"no method named `context` found for enum `Result<T, E>` in the current scope","code":{"code":"E0599","explanation":"This error occurs when a method is used on a type which doesn't implement it:\n\nErroneous code example:\n\n```compile_fail,E0599\nstruct Mouth;\n\nlet x = Mouth;\nx.chocolate(); // error: no method named `chocolate` found for type `Mouth`\n               //        in the current scope\n```\n\nIn this case, you need to implement the `chocolate` method to fix the error:\n\n```\nstruct Mouth;\n\nimpl Mouth {\n    fn chocolate(&self) { // We implement the `chocolate` method here.\n        println!(\"Hmmm! I love chocolate!\");\n    }\n}\n\nlet x = Mouth;\nx.chocolate(); // ok!\n```\n"},"level":"error","spans":[{"file_name":"src/main.rs","byte_start":2432,"byte_end":2485,"line_start":81,"line_end":82,"column_start":13,"column_end":18,"is_primary":false,"text":[{"text":"            serde_yaml::to_writer(writer, data)","highlight_start":13,"highlight_end":48},{"text":"                .context(\"Erreur lors de l'écriture YAML\")?;","highlight_start":1,"highlight_end":18}],"label":"","suggested_replacement":null,"suggestion_applicability":null,"expansion":null},{"file_name":"src/main.rs","byte_start":2485,"byte_end":2492,"line_start":82,"line_end":82,"column_start":18,"column_end":25,"is_primary":true,"text":[{"text":"                .context(\"Erreur lors de l'écriture YAML\")?;","highlight_start":18,"highlight_end":25}],"label":"method not found in `Result<(), serde_yaml::Error>`","suggested_replacement":null,"suggestion_applicability":null,"expansion":null}],"children":[],"rendered":"\u001b[1m\u001b[91merror[E0599]\u001b[0m\u001b[1m: no method named `context` found for enum `Result<T, E>` in the current scope\u001b[0m\n  \u001b[1m\u001b[94m--> \u001b[0msrc/main.rs:82:18\n   \u001b[1m\u001b[94m|\u001b[0m\n\u001b[1m\u001b[94m81\u001b[0m \u001b[1m\u001b[94m|\u001b[0m \u001b[1m\u001b[94m/\u001b[0m             serde_yaml::to_writer(writer, data)\n\u001b[1m\u001b[94m82\u001b[0m \u001b[1m\u001b[94m|\u001b[0m \u001b[1m\u001b[94m|\u001b[0m                 .context(\"Erreur lors de l'écriture YAML\")?;\n   \u001b[1m\u001b[94m|\u001b[0m \u001b[1m\u001b[94m|\u001b[0m                 \u001b[1m\u001b[94m-\u001b[0m\u001b[1m\u001b[91m^^^^^^^\u001b[0m \u001b[1m\u001b[91mmethod not found in `Result<(), serde_yaml::Error>`\u001b[0m\n   \u001b[1m\u001b[94m|\u001b[0m \u001b[1m\u001b[94m|_________________|\u001b[0m\n   \u001b[1m\u001b[94m|\u001b[0m\n\n"}
{"$message_type":"diagnostic","message":"aborting due to 8 previous errors","code":null,"level":"error","spans":[],"children":[],"rendered":"\u001b[1m\u001b[91merror\u001b[0m\u001b[1m: aborting due to 8 previous errors\u001b[0m\n\n"}
{"$message_type":"diagnostic","message":"Some errors have detailed explanations: E0282, E0432, E0599.","code":null,"level":"failure-note","spans":[],"children":[],"rendered":"\u001b[1mSome errors have detailed explanations: E0282, E0432, E0599.\u001b[0m\n"}
{"$message_type":"diagnostic","message":"For more information about an error, try `rustc --explain E0282`.","code":null,"level":"failure-note","spans":[],"children":[],"rendered":"\u001b[1mFor more information about an error, try `rustc --explain E0282`.\u001b[0m\n"}
